<?xml version="1.0" encoding="UTF-8"?>
<!-- Generated by org.testng.reporters.JUnitReportReporter -->
<testsuite hostname="BABU-PC" failures="0" tests="1" name="org.base.BaseClass" time="0.067" errors="0" timestamp="05 Aug 2021 14:08:28 GMT" skipped="0">
  <testcase classname="org.base.BaseClass" name="tc01" time="0.067"/>
</testsuite> <!-- org.base.BaseClass -->
